#
# A fatal error has been detected by the Java Runtime Environment:
#
#  EXCEPTION_IN_PAGE_ERROR (0xc0000006) at pc=0x00007ffbcd2012e4, pid=2504, tid=17928
#
# JRE version: OpenJDK Runtime Environment Temurin-21.0.5+11 (21.0.5+11) (build 21.0.5+11-LTS)
# Java VM: OpenJDK 64-Bit Server VM Temurin-21.0.5+11 (21.0.5+11-LTS, mixed mode, tiered, compressed oops, compressed class ptrs, g1 gc, windows-amd64)
# Problematic frame:
# C  [jimage.dll+0x12e4]
#
# No core dump will be written. Minidumps are not enabled by default on client versions of Windows
#
# If you would like to submit a bug report, please visit:
#   https://github.com/adoptium/adoptium-support/issues
#

---------------  S U M M A R Y ------------

Command Line: -Dfile.encoding=UTF-8 -Djna.nosys=true -Ddefold.launcherpath=D:\SteamLibrary\steamapps\common\Defold\Defold.exe -Ddefold.resourcespath=D:/SteamLibrary/steamapps/common/Defold -Ddefold.version=1.10.0 -Ddefold.editor.sha1=591eb496d52f4140bc2c7de547131f1b9408b9b4 -Ddefold.engine.sha1=a8219fe5a1973a83341334af50017005f34bbb1f -Ddefold.buildtime=2025-04-14T16:43:16.224873 -Ddefold.channel=editor-alpha -Ddefold.archive.domain=d.defold.com -Djava.net.preferIPv4Stack=true -Dsun.net.client.defaultConnectTimeout=30000 -Dsun.net.client.defaultReadTimeout=30000 -Djogl.texture.notexrect=true -Dglass.accessible.force=false -Ddefold.schema.check.disable=true --add-opens=java.base/java.lang=ALL-UNNAMED --add-opens=java.desktop/sun.awt=ALL-UNNAMED --add-opens=java.desktop/sun.java2d.opengl=ALL-UNNAMED --add-opens=java.xml/com.sun.org.apache.xerces.internal.jaxp=ALL-UNNAMED --add-opens=java.base/sun.nio.fs=ALL-UNNAMED --add-opens=java.desktop/sun.awt.image=ALL-UNNAMED -Xmx25659598848 com.defold.editor.Main C:\Users\dexp\Desktop\autotiling\pa-project\game.project

Host: 12th Gen Intel(R) Core(TM) i3-12100F, 8 cores, 31G,  Windows 11 , 64 bit Build 26100 (10.0.26100.4202)
Time: Fri Jun 27 03:54:42 2025 RTZ 2 (s 11 , 64 bit Build 26100 (10.0.26100.4202) elapsed time: 24.001354 seconds (0d 0h 0m 24s)

---------------  T H R E A D  ---------------

Current thread (0x00000259c9f52010):  JavaThread "clojure-agent-send-off-pool-4"        [_thread_in_vm, id=17928, stack(0x0000006fb8000000,0x0000006fb8100000) (1024K)]

Stack: [0x0000006fb8000000,0x0000006fb8100000],  sp=0x0000006fb80fc3f0,  free space=1008k
Native frames: (J=compiled Java code, j=interpreted, Vv=VM code, C=native code)
C  [jimage.dll+0x12e4]
C  [jimage.dll+0x1e27]
C  [jimage.dll+0x1ebe]
C  [jimage.dll+0x25e2]
V  [jvm.dll+0x21e250]
V  [jvm.dll+0x21d0f6]
V  [jvm.dll+0x82030c]
V  [jvm.dll+0x821334]
V  [jvm.dll+0x821b20]
V  [jvm.dll+0x21699c]
V  [jvm.dll+0x20bb87]
V  [jvm.dll+0x5ae1dc]
V  [jvm.dll+0x21d22a]
V  [jvm.dll+0x82030c]
V  [jvm.dll+0x821334]
V  [jvm.dll+0x821902]
V  [jvm.dll+0x821588]
V  [jvm.dll+0x26cd4b]
V  [jvm.dll+0x3d461e]
C  0x000002599b80a994

The last pc belongs to new (printed below).
Java frames: (J=compiled Java code, j=interpreted, Vv=VM code)
j  sun.font.PlatformFontInfo.createFontManager()Lsun/font/FontManager;+0 java.desktop@21.0.5
j  sun.font.FontManagerFactory.getInstance()Lsun/font/FontManager;+21 java.desktop@21.0.5
j  java.awt.Font.createFont0(ILjava/io/InputStream;ZLsun/font/CreatedFontTracker;)[Ljava/awt/Font;+226 java.desktop@21.0.5
j  java.awt.Font.createFont(ILjava/io/InputStream;)Ljava/awt/Font;+10 java.desktop@21.0.5
j  editor.pipeline.fontc$create_ttf_font.invokeStatic(Ljava/lang/Object;Ljava/lang/Object;)Ljava/lang/Object;+25
j  editor.pipeline.fontc$compile_ttf_bitmap.invokeStatic(Ljava/lang/Object;Ljava/lang/Object;)Ljava/lang/Object;+4
j  editor.pipeline.fontc$compile_font.invokeStatic(Ljava/lang/Object;Ljava/lang/Object;Ljava/lang/Object;)Ljava/lang/Object;+189
j  editor.pipeline.font_gen$generate.invokeStatic(Ljava/lang/Object;Ljava/lang/Object;Ljava/lang/Object;)Ljava/lang/Object;+23
j  editor.font$make_font_map.invokeStatic(Ljava/lang/Object;Ljava/lang/Object;Ljava/lang/Object;Ljava/lang/Object;Ljava/lang/Object;)Ljava/lang/Object;+762
j  editor.font$fn__84158.invokeStatic(Ljava/lang/Object;)Ljava/lang/Object;+80
j  editor.font$fn__84158.invoke(Ljava/lang/Object;)Ljava/lang/Object;+3
J 11492 c2 clojure.lang.AFn.applyToHelper(Lclojure/lang/IFn;Lclojure/lang/ISeq;)Ljava/lang/Object; (3238 bytes) @ 0x000002599c4a6c10 [0x000002599c4a6b80+0x0000000000000090]
J 4943 c2 clojure.lang.AFn.applyTo(Lclojure/lang/ISeq;)Ljava/lang/Object; (12 bytes) @ 0x000002599c01c160 [0x000002599c01c120+0x0000000000000040]
J 9484 c2 clojure.lang.AFunction$1.doInvoke(Ljava/lang/Object;)Ljava/lang/Object; (12 bytes) @ 0x000002599bfaa904 [0x000002599bfaa8a0+0x0000000000000064]
J 8301 c2 clojure.lang.RestFn.invoke(Ljava/lang/Object;)Ljava/lang/Object; (73 bytes) @ 0x000002599c230a24 [0x000002599c2308c0+0x0000000000000164]
J 15434 c1 clojure.lang.Var.invoke(Ljava/lang/Object;)Ljava/lang/Object; (17 bytes) @ 0x0000025995e90044 [0x0000025995e8fd00+0x0000000000000344]
j  editor.font$FontNode$behavior$font_map$fn__84668.invoke()Ljava/lang/Object;+383
J 15360 c1 internal.node$trace_expr$fn__17089.invoke()Ljava/lang/Object; (83 bytes) @ 0x0000025995e4ff2c [0x0000025995e4fd00+0x000000000000022c]
J 15347 c1 internal.node$trace_expr.invokeStatic(Ljava/lang/Object;Ljava/lang/Object;Ljava/lang/Object;Ljava/lang/Object;Ljava/lang/Object;)Ljava/lang/Object; (157 bytes) @ 0x0000025995e44844 [0x0000025995e436c0+0x0000000000001184]
j  editor.font$FontNode$behavior$font_map.invokeStatic(Ljava/lang/Object;Ljava/lang/Object;Ljava/lang/Object;)Ljava/lang/Object;+177
j  editor.font$FontNode$behavior$font_map.invoke(Ljava/lang/Object;Ljava/lang/Object;Ljava/lang/Object;)Ljava/lang/Object;+9
J 14857 c2 internal.node.NodeImpl.produce_value(Ljava/lang/Object;Ljava/lang/Object;)Ljava/lang/Object; (281 bytes) @ 0x000002599c6c1750 [0x000002599c6c1220+0x0000000000000530]
j  editor.font$FontNode$behavior$build_targets$fn__84493.invoke()Ljava/lang/Object;+106
J 15360 c1 internal.node$trace_expr$fn__17089.invoke()Ljava/lang/Object; (83 bytes) @ 0x0000025995e4ff2c [0x0000025995e4fd00+0x000000000000022c]
J 15347 c1 internal.node$trace_expr.invokeStatic(Ljava/lang/Object;Ljava/lang/Object;Ljava/lang/Object;Ljava/lang/Object;Ljava/lang/Object;)Ljava/lang/Object; (157 bytes) @ 0x0000025995e44844 [0x0000025995e436c0+0x0000000000001184]
j  editor.font$FontNode$behavior$build_targets.invokeStatic(Ljava/lang/Object;Ljava/lang/Object;Ljava/lang/Object;)Ljava/lang/Object;+177
j  editor.font$FontNode$behavior$build_targets.invoke(Ljava/lang/Object;Ljava/lang/Object;Ljava/lang/Object;)Ljava/lang/Object;+9
J 14857 c2 internal.node.NodeImpl.produce_value(Ljava/lang/Object;Ljava/lang/Object;)Ljava/lang/Object; (281 bytes) @ 0x000002599c6c1750 [0x000002599c6c1220+0x0000000000000530]
J 15344 c1 internal.node$node_value.invokeStatic(Ljava/lang/Object;Ljava/lang/Object;Ljava/lang/Object;)Ljava/lang/Object; (74 bytes) @ 0x0000025995e36364 [0x0000025995e35cc0+0x00000000000006a4]
J 15343 c1 dynamo.graph$node_value.invokeStatic(Ljava/lang/Object;Ljava/lang/Object;Ljava/lang/Object;)Ljava/lang/Object; (134 bytes) @ 0x0000025995e35094 [0x0000025995e33dc0+0x00000000000012d4]
j  editor.build$build_project_BANG_$fn__48954$fn__48957.invoke()Ljava/lang/Object;+16
j  editor.build$build_project_BANG_$fn__48954.invoke()Ljava/lang/Object;+219
j  editor.build$build_project_BANG_.invokeStatic(Ljava/lang/Object;Ljava/lang/Object;Ljava/lang/Object;Ljava/lang/Object;Ljava/lang/Object;Ljava/lang/Object;)Ljava/lang/Object;+162
j  editor.app_view$build_project_BANG_.invokeStatic(Ljava/lang/Object;Ljava/lang/Object;Ljava/lang/Object;Ljava/lang/Object;Ljava/lang/Object;)Ljava/lang/Object;+45
j  editor.app_view$async_build_BANG_$phase_4_build_project_BANG___67797$run_project_build_on_background_thread_BANG___67798.invoke()Ljava/lang/Object;+52
j  editor.app_view$async_build_BANG_$run_on_background_thread_BANG___67750$fn__67751.invoke()Ljava/lang/Object;+12
J 8090 c1 clojure.core$binding_conveyor_fn$fn__5842.invoke()Ljava/lang/Object; (22 bytes) @ 0x000002599536bb1c [0x000002599536b4a0+0x000000000000067c]
J 4826 c1 clojure.lang.AFn.call()Ljava/lang/Object; (5 bytes) @ 0x0000025994b43fc4 [0x0000025994b43ec0+0x0000000000000104]
J 8089 c1 java.util.concurrent.FutureTask.run()V java.base@21.0.5 (123 bytes) @ 0x000002599531ed3c [0x000002599531e5e0+0x000000000000075c]
j  java.util.concurrent.ThreadPoolExecutor.runWorker(Ljava/util/concurrent/ThreadPoolExecutor$Worker;)V+92 java.base@21.0.5
j  java.util.concurrent.ThreadPoolExecutor$Worker.run()V+5 java.base@21.0.5
j  java.lang.Thread.runWith(Ljava/lang/Object;Ljava/lang/Runnable;)V+5 java.base@21.0.5
j  java.lang.Thread.run()V+19 java.base@21.0.5
v  ~StubRoutines::call_stub 0x000002599b7f100d

siginfo: EXCEPTION_IN_PAGE_ERROR (0xc0000006), reading address 0x00000259938e68d6


Registers:
RAX=0x00008630542c19c9, RBX=0x00000259938e68d4, RCX=0x00000259938e68d4, RDX=0x00000259db657990
RSP=0x0000006fb80fc3f0, RBP=0x0000006fb80fc4c0, RSI=0x00000259938e68d4, RDI=0x00000259938e68d4
R8 =0x000000000000ccac, R9 =0x0000006fb80fc4c0, R10=0x000002599239ca63, R11=0x0000000000000000
R12=0x000000000000ccac, R13=0x00000259d9e30eb0, R14=0x00000259db657990, R15=0x00000259db657990
RIP=0x00007ffbcd2012e4, EFLAGS=0x0000000000010206


Register to memory mapping:

RAX=0x00008630542c19c9 is an unknown value
RBX=0x00000259938e68d4 is an unknown value
RCX=0x00000259938e68d4 is an unknown value
RDX=0x00000259db657990 points into unknown readable memory: 0x0000000000000000 | 00 00 00 00 00 00 00 00
RSP=0x0000006fb80fc3f0 is pointing into the stack for thread: 0x00000259c9f52010
RBP=0x0000006fb80fc4c0 is pointing into the stack for thread: 0x00000259c9f52010
RSI=